[00:00:01] [RCON Listener #1/INFO]: Rcon connection from: /0:0:0:0:0:0:0:1
[00:00:56] [Server thread/INFO]: com.mojang.authlib.GameProfile@e40a808[id=<null>,name=evsawyer,properties={},legacy=false] (/76.23.222.194:44184) lost connection: Disconnected
[00:01:19] [Server thread/INFO]: com.mojang.authlib.GameProfile@1b8381f4[id=<null>,name=evsawyer,properties={},legacy=false] (/76.23.222.194:40194) lost connection: Disconnected
[00:01:41] [Server thread/INFO]: com.mojang.authlib.GameProfile@40f9b971[id=<null>,name=evsawyer,properties={},legacy=false] (/76.23.222.194:41436) lost connection: Disconnected
[00:02:21] [RCON Listener #1/INFO]: Rcon connection from: /54.82.30.50
[00:02:25] [Server thread/INFO]: com.mojang.authlib.GameProfile@3f6d7a36[id=<null>,name=evsawyer,properties={},legacy=false] (/76.23.222.194:41352) lost connection: Disconnected
[00:02:33] [Server thread/INFO]: <xcave> still just me in here
[00:02:45] [RCON Listener #1/INFO]: Rcon connection from: /54.82.30.50
[00:02:46] [RCON Listener #1/INFO]: Rcon connection from: /54.82.30.50
[00:03:15] [Server thread/INFO]: com.mojang.authlib.GameProfile@5021973f[id=<null>,name=evsawyer,properties={},legacy=false] (/76.23.222.194:43588) lost connection: Disconnected
[00:05:01] [RCON Listener #1/INFO]: Rcon connection from: /0:0:0:0:0:0:0:1
[00:05:02] [RCON Listener #1/INFO]: Rcon connection from: /54.82.30.50
[00:05:33] [RCON Listener #1/INFO]: Rcon connection from: /54.82.30.50
[00:05:48] [Server thread/INFO]: <xcave> mebbe it's the last time they had an incident
[00:10:01] [RCON Listener #1/INFO]: Rcon connection from: /0:0:0:0:0:0:0:1
[00:13:49] [User Authenticator #172/INFO]: UUID of player tyrosinase is efb6fc35-604e-4dd8-93f9-ccdd1593ff69
[00:13:49] [Server thread/INFO]: tyrosinase[/73.215.157.183:37543] logged in with entity id 15111569 at (-226.07576555670414, 85.0, 166.97224867864801)
[00:13:49] [Server thread/INFO]: tyrosinase joined the game
[00:14:03] [Server thread/INFO]: <tyrosinase> Woot!
[00:15:01] [RCON Listener #1/INFO]: Rcon connection from: /0:0:0:0:0:0:0:1
[00:19:21] [Server thread/INFO]: com.mojang.authlib.GameProfile@499884b0[id=<null>,name=evsawyer,properties={},legacy=false] (/76.23.222.194:37709) lost connection: Disconnected
[00:19:47] [Server thread/INFO]: com.mojang.authlib.GameProfile@2f679184[id=<null>,name=evsawyer,properties={},legacy=false] (/76.23.222.194:44549) lost connection: Disconnected
[00:20:01] [RCON Listener #1/INFO]: Rcon connection from: /0:0:0:0:0:0:0:1
[00:20:19] [Server thread/INFO]: com.mojang.authlib.GameProfile@3f7686b6[id=<null>,name=evsawyer,properties={},legacy=false] (/76.23.222.194:34292) lost connection: Disconnected
[00:21:18] [Server thread/INFO]: com.mojang.authlib.GameProfile@26e5c1de[id=<null>,name=jeremiahfelt,properties={},legacy=false] (/69.207.130.204:37392) lost connection: Disconnected
[00:25:01] [RCON Listener #1/INFO]: Rcon connection from: /0:0:0:0:0:0:0:1
[00:27:04] [Server thread/WARN]: tyrosinase moved wrongly!
[00:27:06] [Server thread/WARN]: tyrosinase moved wrongly!
[00:27:30] [Server thread/INFO]: com.mojang.authlib.GameProfile@4bfaaed[id=<null>,name=jeremiahfelt,properties={},legacy=false] (/69.207.130.204:39633) lost connection: Disconnected
[00:27:31] [RCON Listener #1/INFO]: Rcon connection from: /54.82.30.50
[00:29:06] [Server thread/INFO]: [tyrosinase: Set own game mode to Spectator Mode]
[00:30:01] [RCON Listener #1/INFO]: Rcon connection from: /0:0:0:0:0:0:0:1
[00:30:25] [Server thread/INFO]: [tyrosinase: Set own game mode to Survival Mode]
[00:33:44] [Server thread/INFO]: tyrosinase lost connection: TextComponent{text='Disconnected', siblings=[], style=Style{hasParent=false, color=null, bold=null, italic=null, underlined=null, obfuscated=null, clickEvent=null, hoverEvent=null, insertion=null}}
[00:33:44] [Server thread/INFO]: tyrosinase left the game
[00:35:01] [RCON Listener #1/INFO]: Rcon connection from: /0:0:0:0:0:0:0:1
[00:35:05] [Server thread/INFO]: com.mojang.authlib.GameProfile@6bd15f[id=<null>,name=tyrosinase,properties={},legacy=false] (/73.215.157.183:37590) lost connection: Disconnected
[00:35:15] [RCON Listener #1/INFO]: Rcon connection from: /54.82.30.50
[00:35:28] [Server thread/INFO]: <xcave> wut!
[00:35:35] [Server thread/INFO]: com.mojang.authlib.GameProfile@79f0c718[id=<null>,name=tyrosinase,properties={},legacy=false] (/73.215.157.183:37593) lost connection: Disconnected
[00:35:53] [Server thread/INFO]: com.mojang.authlib.GameProfile@8dc5772[id=<null>,name=tyrosinase,properties={},legacy=false] (/73.215.157.183:37596) lost connection: Disconnected
[00:38:06] [Server thread/INFO]: com.mojang.authlib.GameProfile@63a0541[id=<null>,name=tyrosinase,properties={},legacy=false] (/73.215.157.183:37649) lost connection: Disconnected
[00:38:26] [Server thread/INFO]: com.mojang.authlib.GameProfile@6901689[id=<null>,name=tyrosinase,properties={},legacy=false] (/73.215.157.183:37652) lost connection: Disconnected
[00:40:01] [RCON Listener #1/INFO]: Rcon connection from: /0:0:0:0:0:0:0:1
[00:44:15] [User Authenticator #173/INFO]: UUID of player Jack3PO is a51f6d4d-0f29-4d2e-b4c6-42aa095c0527
[00:44:15] [Server thread/INFO]: Jack3PO[/66.26.114.54:61373] logged in with entity id 15211139 at (1376.9108482445015, 82.83685099738783, -6389.672031967321)
[00:44:15] [Server thread/INFO]: Jack3PO joined the game
[00:44:19] [Server thread/INFO]: Jack3PO lost connection: TextComponent{text='Disconnected', siblings=[], style=Style{hasParent=false, color=null, bold=null, italic=null, underlined=null, obfuscated=null, clickEvent=null, hoverEvent=null, insertion=null}}
[00:44:19] [Server thread/INFO]: Jack3PO left the game
[00:45:01] [RCON Listener #1/INFO]: Rcon connection from: /0:0:0:0:0:0:0:1
[00:46:14] [User Authenticator #174/INFO]: UUID of player tyrosinase is efb6fc35-604e-4dd8-93f9-ccdd1593ff69
[00:46:14] [Server thread/INFO]: tyrosinase[/73.215.157.183:37668] logged in with entity id 15214107 at (-201.589828136236, 68.0, 176.4924241210946)
[00:46:14] [Server thread/INFO]: tyrosinase joined the game
[00:46:21] [Server thread/INFO]: <tyrosinase> Yay!
[00:50:01] [RCON Listener #1/INFO]: Rcon connection from: /0:0:0:0:0:0:0:1
[00:55:01] [RCON Listener #1/INFO]: Rcon connection from: /0:0:0:0:0:0:0:1
[00:55:04] [Server thread/INFO]: tyrosinase lost connection: TextComponent{text='Disconnected', siblings=[], style=Style{hasParent=false, color=null, bold=null, italic=null, underlined=null, obfuscated=null, clickEvent=null, hoverEvent=null, insertion=null}}
[00:55:04] [Server thread/INFO]: tyrosinase left the game
[00:59:29] [User Authenticator #175/INFO]: UUID of player tyrosinase is efb6fc35-604e-4dd8-93f9-ccdd1593ff69
[00:59:29] [Server thread/INFO]: tyrosinase[/73.215.157.183:37716] logged in with entity id 15260770 at (-234.94314681764752, 62.0, 164.69999998807907)
[00:59:29] [Server thread/INFO]: tyrosinase joined the game
[01:00:01] [RCON Listener #1/INFO]: Rcon connection from: /0:0:0:0:0:0:0:1
[01:05:01] [RCON Listener #1/INFO]: Rcon connection from: /0:0:0:0:0:0:0:1
[01:10:01] [RCON Listener #1/INFO]: Rcon connection from: /0:0:0:0:0:0:0:1
[01:15:01] [RCON Listener #1/INFO]: Rcon connection from: /0:0:0:0:0:0:0:1
[01:20:01] [RCON Listener #1/INFO]: Rcon connection from: /0:0:0:0:0:0:0:1
[01:25:01] [RCON Listener #1/INFO]: Rcon connection from: /0:0:0:0:0:0:0:1
[01:30:01] [RCON Listener #1/INFO]: Rcon connection from: /0:0:0:0:0:0:0:1
[01:31:41] [Server thread/INFO]: [tyrosinase: Set own game mode to Spectator Mode]
[01:32:24] [Server thread/INFO]: [tyrosinase: Set own game mode to Survival Mode]
[01:32:26] [Server thread/INFO]: tyrosinase lost connection: TextComponent{text='Disconnected', siblings=[], style=Style{hasParent=false, color=null, bold=null, italic=null, underlined=null, obfuscated=null, clickEvent=null, hoverEvent=null, insertion=null}}
[01:32:26] [Server thread/INFO]: tyrosinase left the game
[01:35:01] [RCON Listener #1/INFO]: Rcon connection from: /0:0:0:0:0:0:0:1
[01:39:45] [User Authenticator #176/INFO]: UUID of player masav is 294e63b1-1f91-486b-8ba3-6568f2411a19
[01:39:45] [Server thread/INFO]: masav[/64.151.8.254:50423] logged in with entity id 15497953 at (1353.6625263019703, 68.5, -6387.620061903672)
[01:39:45] [Server thread/INFO]: masav joined the game
[01:40:01] [RCON Listener #1/INFO]: Rcon connection from: /0:0:0:0:0:0:0:1
[01:43:49] [User Authenticator #177/INFO]: UUID of player wuapinmon is b3ab4001-dc05-4a06-a8bb-2edb5766892a
[01:43:49] [Server thread/INFO]: wuapinmon[/66.26.114.54:61724] logged in with entity id 15511692 at (1402.3566655063573, 69.0, -6333.974956563587)
[01:43:49] [Server thread/INFO]: wuapinmon joined the game
[01:45:01] [RCON Listener #1/INFO]: Rcon connection from: /0:0:0:0:0:0:0:1
[01:50:01] [RCON Listener #1/INFO]: Rcon connection from: /0:0:0:0:0:0:0:1
[01:55:01] [RCON Listener #1/INFO]: Rcon connection from: /0:0:0:0:0:0:0:1
[01:55:12] [Server thread/INFO]: masav lost connection: TextComponent{text='Disconnected', siblings=[], style=Style{hasParent=false, color=null, bold=null, italic=null, underlined=null, obfuscated=null, clickEvent=null, hoverEvent=null, insertion=null}}
[01:55:12] [Server thread/INFO]: masav left the game
[01:58:23] [User Authenticator #178/INFO]: UUID of player jeremiahfelt is 36ccd64d-fe6f-40c1-811b-1b3970e09605
[01:58:23] [Server thread/INFO]: jeremiahfelt[/69.207.130.204:33925] logged in with entity id 15553723 at (-175.5, 77.7125, 50.54435127886628)
[01:58:23] [Server thread/INFO]: jeremiahfelt joined the game
[02:00:01] [RCON Listener #1/INFO]: Rcon connection from: /0:0:0:0:0:0:0:1
[02:05:01] [RCON Listener #1/INFO]: Rcon connection from: /0:0:0:0:0:0:0:1
[02:10:01] [RCON Listener #1/INFO]: Rcon connection from: /0:0:0:0:0:0:0:1
[02:15:01] [RCON Listener #1/INFO]: Rcon connection from: /0:0:0:0:0:0:0:1
[02:16:26] [Server thread/INFO]: <wuapinmon> pero con nightvision no lo veo
[02:17:19] [User Authenticator #179/INFO]: UUID of player masav is 294e63b1-1f91-486b-8ba3-6568f2411a19
[02:17:19] [Server thread/INFO]: masav[/64.151.8.254:50586] logged in with entity id 15675400 at (1281.2900947528744, 21.0, -6281.113843679347)
[02:17:19] [Server thread/INFO]: masav joined the game
[02:20:01] [RCON Listener #1/INFO]: Rcon connection from: /0:0:0:0:0:0:0:1
[02:20:12] [Server thread/INFO]: masav lost connection: TextComponent{text='Disconnected', siblings=[], style=Style{hasParent=false, color=null, bold=null, italic=null, underlined=null, obfuscated=null, clickEvent=null, hoverEvent=null, insertion=null}}
[02:20:12] [Server thread/INFO]: masav left the game
[02:25:01] [RCON Listener #1/INFO]: Rcon connection from: /0:0:0:0:0:0:0:1
[02:30:01] [RCON Listener #1/INFO]: Rcon connection from: /0:0:0:0:0:0:0:1
[02:35:01] [RCON Listener #1/INFO]: Rcon connection from: /0:0:0:0:0:0:0:1
[02:36:03] [Server thread/INFO]: xcave lost connection: TextComponent{text='Disconnected', siblings=[], style=Style{hasParent=false, color=null, bold=null, italic=null, underlined=null, obfuscated=null, clickEvent=null, hoverEvent=null, insertion=null}}
[02:36:03] [Server thread/INFO]: xcave left the game
[02:40:01] [RCON Listener #1/INFO]: Rcon connection from: /0:0:0:0:0:0:0:1
[02:45:01] [RCON Listener #1/INFO]: Rcon connection from: /0:0:0:0:0:0:0:1
[02:50:01] [RCON Listener #1/INFO]: Rcon connection from: /0:0:0:0:0:0:0:1
[02:55:01] [RCON Listener #1/INFO]: Rcon connection from: /0:0:0:0:0:0:0:1
[03:00:01] [RCON Listener #1/INFO]: Rcon connection from: /0:0:0:0:0:0:0:1
[03:05:01] [RCON Listener #1/INFO]: Rcon connection from: /0:0:0:0:0:0:0:1
[03:10:01] [RCON Listener #1/INFO]: Rcon connection from: /0:0:0:0:0:0:0:1
[03:15:01] [RCON Listener #1/INFO]: Rcon connection from: /0:0:0:0:0:0:0:1
[03:20:01] [RCON Listener #1/INFO]: Rcon connection from: /0:0:0:0:0:0:0:1
[03:25:01] [RCON Listener #1/INFO]: Rcon connection from: /0:0:0:0:0:0:0:1
[03:30:01] [RCON Listener #1/INFO]: Rcon connection from: /0:0:0:0:0:0:0:1
[03:35:01] [RCON Listener #1/INFO]: Rcon connection from: /0:0:0:0:0:0:0:1
[03:35:10] [User Authenticator #180/INFO]: UUID of player tyrosinase is efb6fc35-604e-4dd8-93f9-ccdd1593ff69
[03:35:10] [Server thread/INFO]: tyrosinase[/73.215.157.183:39248] logged in with entity id 16474005 at (-181.42026882045124, 71.0, 223.47787957131771)
[03:35:10] [Server thread/INFO]: tyrosinase joined the game
[03:40:01] [RCON Listener #1/INFO]: Rcon connection from: /0:0:0:0:0:0:0:1
[03:43:18] [Server thread/INFO]: jeremiahfelt lost connection: TextComponent{text='Disconnected', siblings=[], style=Style{hasParent=false, color=null, bold=null, italic=null, underlined=null, obfuscated=null, clickEvent=null, hoverEvent=null, insertion=null}}
[03:43:18] [Server thread/INFO]: jeremiahfelt left the game
[03:44:03] [RCON Listener #1/INFO]: Rcon connection from: /50.19.144.177
[03:44:04] [RCON Listener #1/INFO]: Rcon connection from: /50.19.144.177
[03:44:23] [Server thread/INFO]: <wuapinmon> not sure
[03:44:56] [Server thread/INFO]: tyrosinase lost connection: TranslatableComponent{key='disconnect.timeout', args=[], siblings=[], style=Style{hasParent=false, color=null, bold=null, italic=null, underlined=null, obfuscated=null, clickEvent=null, hoverEvent=null, insertion=null}}
[03:44:56] [Server thread/INFO]: tyrosinase left the game
[03:45:02] [RCON Listener #1/INFO]: Rcon connection from: /0:0:0:0:0:0:0:1
[03:45:15] [User Authenticator #181/INFO]: UUID of player tyrosinase is efb6fc35-604e-4dd8-93f9-ccdd1593ff69
[03:45:15] [Server thread/INFO]: tyrosinase[/73.215.157.183:39262] logged in with entity id 16591489 at (-233.012319296532, 62.5, 180.11658006914692)
[03:45:15] [Server thread/INFO]: tyrosinase joined the game
[03:45:42] [RCON Listener #1/INFO]: Rcon connection from: /50.19.144.177
[03:50:01] [RCON Listener #1/INFO]: Rcon connection from: /0:0:0:0:0:0:0:1
[03:50:14] [Server thread/INFO]: tyrosinase lost connection: TextComponent{text='Disconnected', siblings=[], style=Style{hasParent=false, color=null, bold=null, italic=null, underlined=null, obfuscated=null, clickEvent=null, hoverEvent=null, insertion=null}}
[03:50:14] [Server thread/INFO]: tyrosinase left the game
[03:53:54] [Server thread/INFO]: wuapinmon lost connection: TextComponent{text='Disconnected', siblings=[], style=Style{hasParent=false, color=null, bold=null, italic=null, underlined=null, obfuscated=null, clickEvent=null, hoverEvent=null, insertion=null}}
[03:53:54] [Server thread/INFO]: wuapinmon left the game
[03:55:01] [RCON Listener #1/INFO]: Rcon connection from: /0:0:0:0:0:0:0:1
[04:00:01] [RCON Listener #1/INFO]: Rcon connection from: /0:0:0:0:0:0:0:1
[04:00:53] [User Authenticator #182/INFO]: UUID of player tyrosinase is efb6fc35-604e-4dd8-93f9-ccdd1593ff69
[04:00:53] [Server thread/INFO]: tyrosinase[/73.215.157.183:39319] logged in with entity id 16640120 at (-232.9383770044325, 62.5, 181.82685577744115)
[04:00:53] [Server thread/INFO]: tyrosinase joined the game
[04:05:01] [RCON Listener #1/INFO]: Rcon connection from: /0:0:0:0:0:0:0:1
[04:10:01] [RCON Listener #1/INFO]: Rcon connection from: /0:0:0:0:0:0:0:1
[04:10:15] [User Authenticator #183/INFO]: UUID of player xcave is a622e5a1-e4f2-4011-94dc-d0580de911e9
[04:10:15] [Server thread/INFO]: xcave[/64.151.8.254:61438] logged in with entity id 16690560 at (1256.7209973512527, 61.0, -6333.844451367093)
[04:10:15] [Server thread/INFO]: xcave joined the game
[04:15:01] [RCON Listener #1/INFO]: Rcon connection from: /0:0:0:0:0:0:0:1
[04:16:36] [Server thread/INFO]: com.mojang.authlib.GameProfile@2e279d17[id=<null>,name=wuapinmon,properties={},legacy=false] (/66.26.114.54:49955) lost connection: Disconnected
[04:17:15] [User Authenticator #184/INFO]: UUID of player wuapinmon is b3ab4001-dc05-4a06-a8bb-2edb5766892a
[04:17:15] [Server thread/INFO]: wuapinmon[/66.26.114.54:49991] logged in with entity id 16733853 at (1431.1008172136912, 67.5, -6458.493335605159)
[04:17:15] [Server thread/INFO]: wuapinmon joined the game
[04:20:01] [RCON Listener #1/INFO]: Rcon connection from: /0:0:0:0:0:0:0:1
[04:25:01] [RCON Listener #1/INFO]: Rcon connection from: /0:0:0:0:0:0:0:1
[04:27:07] [Server thread/INFO]: [tyrosinase: Set own game mode to Spectator Mode]
[04:27:47] [Server thread/INFO]: [tyrosinase: Set own game mode to Survival Mode]
[04:30:01] [RCON Listener #1/INFO]: Rcon connection from: /0:0:0:0:0:0:0:1
[04:34:48] [Server thread/INFO]: wuapinmon lost connection: TextComponent{text='Disconnected', siblings=[], style=Style{hasParent=false, color=null, bold=null, italic=null, underlined=null, obfuscated=null, clickEvent=null, hoverEvent=null, insertion=null}}
[04:34:48] [Server thread/INFO]: wuapinmon left the game
[04:35:01] [RCON Listener #1/INFO]: Rcon connection from: /0:0:0:0:0:0:0:1
[04:40:01] [RCON Listener #1/INFO]: Rcon connection from: /0:0:0:0:0:0:0:1
[04:45:01] [RCON Listener #1/INFO]: Rcon connection from: /0:0:0:0:0:0:0:1
[04:50:01] [RCON Listener #1/INFO]: Rcon connection from: /0:0:0:0:0:0:0:1
[04:55:01] [RCON Listener #1/INFO]: Rcon connection from: /0:0:0:0:0:0:0:1
[04:58:34] [Server thread/INFO]: [tyrosinase: Set own game mode to Spectator Mode]
[04:58:38] [Server thread/INFO]: [tyrosinase: Set own game mode to Survival Mode]
[05:00:01] [RCON Listener #1/INFO]: Rcon connection from: /0:0:0:0:0:0:0:1
[05:02:25] [Server thread/WARN]: Skipping Entity with id wolf
[05:02:33] [Server thread/INFO]: [tyrosinase: Object successfully summoned]
[05:03:11] [User Authenticator #185/INFO]: UUID of player wuapinmon is b3ab4001-dc05-4a06-a8bb-2edb5766892a
[05:03:11] [Server thread/INFO]: wuapinmon[/66.26.114.54:50815] logged in with entity id 17033190 at (1417.0277626986806, 69.0, -6437.2372089026085)
[05:03:11] [Server thread/INFO]: wuapinmon joined the game
[05:04:16] [Server thread/INFO]: [tyrosinase: Set own game mode to Spectator Mode]
[05:04:21] [Server thread/INFO]: [tyrosinase: Set own game mode to Survival Mode]
[05:04:36] [Server thread/INFO]: [tyrosinase: Set own game mode to Spectator Mode]
[05:04:39] [Server thread/INFO]: [tyrosinase: Set own game mode to Survival Mode]
[05:05:01] [RCON Listener #1/INFO]: Rcon connection from: /0:0:0:0:0:0:0:1
[05:05:02] [Server thread/INFO]: [tyrosinase: Object successfully summoned]
[05:09:01] [Server thread/INFO]: [tyrosinase: Set own game mode to Spectator Mode]
[05:09:16] [Server thread/INFO]: [tyrosinase: Set own game mode to Survival Mode]
[05:09:20] [Server thread/INFO]: [tyrosinase: Set own game mode to Spectator Mode]
[05:09:28] [Server thread/INFO]: [tyrosinase: Set own game mode to Survival Mode]
[05:10:01] [RCON Listener #1/INFO]: Rcon connection from: /0:0:0:0:0:0:0:1
[05:10:03] [Server thread/WARN]: Fetching addPacket for removed entity
[05:13:48] [User Authenticator #186/INFO]: UUID of player PhilBates is 9fd25e03-bb02-410b-91b4-ee615346ef87
[05:13:48] [Server thread/INFO]: PhilBates[/71.80.201.255:62675] logged in with entity id 17140216 at (381.6580325588291, 79.0, 715.2378856201401)
[05:13:48] [Server thread/INFO]: PhilBates joined the game
[05:14:45] [Server thread/INFO]: [tyrosinase: Set own game mode to Spectator Mode]
[05:15:01] [RCON Listener #1/INFO]: Rcon connection from: /0:0:0:0:0:0:0:1
[05:15:02] [Server thread/INFO]: [tyrosinase: Set own game mode to Survival Mode]
[05:15:48] [Server thread/INFO]: [tyrosinase: Set own game mode to Spectator Mode]
[05:15:55] [Server thread/INFO]: [tyrosinase: Set own game mode to Survival Mode]
[05:19:08] [Server thread/INFO]: [tyrosinase: Set own game mode to Spectator Mode]
[05:19:19] [Server thread/INFO]: [tyrosinase: Set own game mode to Survival Mode]
[05:19:52] [Server thread/INFO]: [tyrosinase: Set own game mode to Spectator Mode]
[05:19:58] [Server thread/INFO]: [tyrosinase: Set own game mode to Survival Mode]
[05:20:01] [RCON Listener #1/INFO]: Rcon connection from: /0:0:0:0:0:0:0:1
[05:21:16] [Server thread/INFO]: [tyrosinase: Set own game mode to Spectator Mode]
[05:21:17] [Server thread/INFO]: [tyrosinase: Set own game mode to Survival Mode]
[05:21:21] [Server thread/INFO]: <wuapinmon> GERONIMO!
[05:21:37] [Server thread/INFO]: <tyrosinase> ?
[05:21:55] [Server thread/INFO]: <wuapinmon> I jumped from xcave's tower
[05:22:06] [Server thread/INFO]: <wuapinmon> level 170 to the water
[05:22:27] [Server thread/INFO]: <xcave> I dropped into glass from it and didn't die. Lost 1/2 the hearts. FF4 FTW
[05:22:41] [Server thread/INFO]: [tyrosinase: Set own game mode to Spectator Mode]
[05:22:45] [Server thread/INFO]: [tyrosinase: Set own game mode to Survival Mode]
[05:23:00] [Server thread/INFO]: <xcave> just dropped 150 blocks into slime. Nice
[05:23:03] [Server thread/INFO]: <xcave> height wise
[05:23:20] [Server thread/INFO]: [tyrosinase: Set own game mode to Spectator Mode]
[05:23:24] [Server thread/INFO]: [tyrosinase: Set own game mode to Survival Mode]
[05:23:45] [Server thread/INFO]: <tyrosinase> Fun. If I wasn't trying to debug this dang mob sorter, I'd come see.
[05:24:12] [Server thread/INFO]: <wuapinmon> need help?
[05:24:31] [Server thread/INFO]: <tyrosinase> Maybe? I think I have the sorter working, but next I will need to reroute the mob farm.
[05:25:01] [RCON Listener #1/INFO]: Rcon connection from: /0:0:0:0:0:0:0:1
[05:25:51] [Server thread/INFO]: <tyrosinase> I am in owookie's mob farm, stealin' his mobs.
[05:26:15] [Server thread/INFO]: <xcave> are you just rerouting the feed?
[05:26:24] [Server thread/INFO]: <xcave> to the sorter? I was too lazy to do that.
[05:26:35] [Server thread/INFO]: <wuapinmon> well, I can come help or I can stay here and lay streets. But, Simbaville owes you 1, so your call
[05:26:39] [Server thread/INFO]: <tyrosinase> Yep. But it's not completely rerouted. I need to do it right.
[05:26:57] [Server thread/INFO]: <tyrosinase> I'm not going to really worry about it until next week. Because once it's working, the
[05:27:15] [Server thread/INFO]: <tyrosinase> next step is to stand around and wait for a thunderstorm.
[05:28:09] [Server thread/INFO]: <tyrosinase> No time to do that this week, so no rush.
[05:28:29] [Server thread/INFO]: <xcave> also, no qrush this week. :( See what I did there?
[05:28:56] [RCON Listener #1/INFO]: Rcon connection from: /54.204.172.194
[05:29:08] [Server thread/INFO]: <wuapinmon> a thunderstorm you say? Let me go start chopping wood, and it'll rain
[05:29:16] [RCON Listener #1/INFO]: Rcon connection from: /54.204.172.194
[05:29:40] [RCON Listener #1/INFO]: Rcon connection from: /54.204.172.194
[05:30:01] [RCON Listener #1/INFO]: Rcon connection from: /0:0:0:0:0:0:0:1
[05:35:01] [RCON Listener #1/INFO]: Rcon connection from: /0:0:0:0:0:0:0:1
[05:36:48] [Server thread/INFO]: [tyrosinase: Set own game mode to Spectator Mode]
[05:37:05] [Server thread/INFO]: [tyrosinase: Set own game mode to Survival Mode]
[05:38:09] [Server thread/INFO]: <tyrosinase> Dang spiders clogging everything up.
[05:40:01] [RCON Listener #1/INFO]: Rcon connection from: /0:0:0:0:0:0:0:1
[05:40:51] [Server thread/INFO]: <tyrosinase> Dang. Pretty sure the zombies are coming out pre-targeted on the Dunder-Mifflin crew, and they
[05:41:08] [Server thread/INFO]: <tyrosinase> go the wrong way. Which is not a big deal (we don't need their drops), but still.
[05:41:24] [Server thread/INFO]: <tyrosinase> I went to the work of getting that villager in, they should appreciate him.
[05:42:02] [Server thread/INFO]: <tyrosinase> Although geez, maybe the pathing is confused. Creepers are heading *toward* the cat.
[05:43:46] [Server thread/WARN]: PhilBates moved wrongly!
[05:45:01] [RCON Listener #1/INFO]: Rcon connection from: /0:0:0:0:0:0:0:1
[05:50:01] [RCON Listener #1/INFO]: Rcon connection from: /0:0:0:0:0:0:0:1
[05:55:01] [RCON Listener #1/INFO]: Rcon connection from: /0:0:0:0:0:0:0:1
[06:00:01] [RCON Listener #1/INFO]: Rcon connection from: /0:0:0:0:0:0:0:1
[06:03:03] [User Authenticator #187/INFO]: UUID of player evsawyer is def678e7-5e95-4128-9252-29ad69b42014
[06:03:03] [Server thread/INFO]: evsawyer[/76.23.222.194:45150] logged in with entity id 17631183 at (5034.300000011921, 68.0, 4002.6749599610002)
[06:03:03] [Server thread/INFO]: evsawyer joined the game
[06:03:16] [Server thread/INFO]: evsawyer lost connection: TextComponent{text='Disconnected', siblings=[], style=Style{hasParent=false, color=null, bold=null, italic=null, underlined=null, obfuscated=null, clickEvent=null, hoverEvent=null, insertion=null}}
[06:03:16] [Server thread/INFO]: evsawyer left the game
[06:05:01] [RCON Listener #1/INFO]: Rcon connection from: /0:0:0:0:0:0:0:1
[06:10:01] [RCON Listener #1/INFO]: Rcon connection from: /0:0:0:0:0:0:0:1
[06:15:01] [RCON Listener #1/INFO]: Rcon connection from: /0:0:0:0:0:0:0:1
[06:15:06] [Server thread/INFO]: PhilBates lost connection: TextComponent{text='Disconnected', siblings=[], style=Style{hasParent=false, color=null, bold=null, italic=null, underlined=null, obfuscated=null, clickEvent=null, hoverEvent=null, insertion=null}}
[06:15:06] [Server thread/INFO]: PhilBates left the game
[06:20:01] [RCON Listener #1/INFO]: Rcon connection from: /0:0:0:0:0:0:0:1
[06:25:01] [RCON Listener #1/INFO]: Rcon connection from: /0:0:0:0:0:0:0:1
[06:30:01] [RCON Listener #1/INFO]: Rcon connection from: /0:0:0:0:0:0:0:1
[06:32:21] [Server thread/INFO]: tyrosinase lost connection: TextComponent{text='Disconnected', siblings=[], style=Style{hasParent=false, color=null, bold=null, italic=null, underlined=null, obfuscated=null, clickEvent=null, hoverEvent=null, insertion=null}}
[06:32:21] [Server thread/INFO]: tyrosinase left the game
[06:35:01] [RCON Listener #1/INFO]: Rcon connection from: /0:0:0:0:0:0:0:1
[06:40:01] [RCON Listener #1/INFO]: Rcon connection from: /0:0:0:0:0:0:0:1
[06:45:01] [RCON Listener #1/INFO]: Rcon connection from: /0:0:0:0:0:0:0:1
[06:46:03] [Server thread/INFO]: <wuapinmon> This summer ran us about $5k, but my abuelo pago el combustible y uno de los cuartos del hotel
[06:46:59] [Server thread/INFO]: <wuapinmon> PBJ
[06:50:01] [RCON Listener #1/INFO]: Rcon connection from: /0:0:0:0:0:0:0:1
[06:55:01] [RCON Listener #1/INFO]: Rcon connection from: /0:0:0:0:0:0:0:1
[07:00:01] [RCON Listener #1/INFO]: Rcon connection from: /0:0:0:0:0:0:0:1
[07:05:01] [RCON Listener #1/INFO]: Rcon connection from: /0:0:0:0:0:0:0:1
[07:10:01] [RCON Listener #1/INFO]: Rcon connection from: /0:0:0:0:0:0:0:1
[07:15:01] [RCON Listener #1/INFO]: Rcon connection from: /0:0:0:0:0:0:0:1
[07:20:01] [RCON Listener #1/INFO]: Rcon connection from: /0:0:0:0:0:0:0:1
[07:25:01] [RCON Listener #1/INFO]: Rcon connection from: /0:0:0:0:0:0:0:1
[07:30:01] [RCON Listener #1/INFO]: Rcon connection from: /0:0:0:0:0:0:0:1
[07:35:01] [RCON Listener #1/INFO]: Rcon connection from: /0:0:0:0:0:0:0:1
[07:40:01] [RCON Listener #1/INFO]: Rcon connection from: /0:0:0:0:0:0:0:1
[07:45:01] [RCON Listener #1/INFO]: Rcon connection from: /0:0:0:0:0:0:0:1
[07:50:01] [RCON Listener #1/INFO]: Rcon connection from: /0:0:0:0:0:0:0:1
[07:55:01] [RCON Listener #1/INFO]: Rcon connection from: /0:0:0:0:0:0:0:1
[08:00:01] [RCON Listener #1/INFO]: Rcon connection from: /0:0:0:0:0:0:0:1
[08:05:01] [RCON Listener #1/INFO]: Rcon connection from: /0:0:0:0:0:0:0:1
[08:09:21] [Server thread/INFO]: wuapinmon lost connection: TextComponent{text='Disconnected', siblings=[], style=Style{hasParent=false, color=null, bold=null, italic=null, underlined=null, obfuscated=null, clickEvent=null, hoverEvent=null, insertion=null}}
[08:09:21] [Server thread/INFO]: wuapinmon left the game
[08:10:01] [RCON Listener #1/INFO]: Rcon connection from: /0:0:0:0:0:0:0:1
[08:15:01] [RCON Listener #1/INFO]: Rcon connection from: /0:0:0:0:0:0:0:1
[08:20:01] [RCON Listener #1/INFO]: Rcon connection from: /0:0:0:0:0:0:0:1
[08:25:01] [RCON Listener #1/INFO]: Rcon connection from: /0:0:0:0:0:0:0:1
[08:30:01] [RCON Listener #1/INFO]: Rcon connection from: /0:0:0:0:0:0:0:1
[08:35:01] [RCON Listener #1/INFO]: Rcon connection from: /0:0:0:0:0:0:0:1
[08:40:01] [RCON Listener #1/INFO]: Rcon connection from: /0:0:0:0:0:0:0:1
[08:45:01] [RCON Listener #1/INFO]: Rcon connection from: /0:0:0:0:0:0:0:1
[08:50:01] [RCON Listener #1/INFO]: Rcon connection from: /0:0:0:0:0:0:0:1
[08:55:01] [RCON Listener #1/INFO]: Rcon connection from: /0:0:0:0:0:0:0:1
[09:00:01] [RCON Listener #1/INFO]: Rcon connection from: /0:0:0:0:0:0:0:1
[09:05:01] [RCON Listener #1/INFO]: Rcon connection from: /0:0:0:0:0:0:0:1
[09:10:01] [RCON Listener #1/INFO]: Rcon connection from: /0:0:0:0:0:0:0:1
[09:15:01] [RCON Listener #1/INFO]: Rcon connection from: /0:0:0:0:0:0:0:1
[09:20:01] [RCON Listener #1/INFO]: Rcon connection from: /0:0:0:0:0:0:0:1
[09:25:01] [RCON Listener #1/INFO]: Rcon connection from: /0:0:0:0:0:0:0:1
[09:30:01] [RCON Listener #1/INFO]: Rcon connection from: /0:0:0:0:0:0:0:1
[09:35:01] [RCON Listener #1/INFO]: Rcon connection from: /0:0:0:0:0:0:0:1
[09:40:01] [RCON Listener #1/INFO]: Rcon connection from: /0:0:0:0:0:0:0:1
[09:45:01] [RCON Listener #1/INFO]: Rcon connection from: /0:0:0:0:0:0:0:1
[09:50:01] [RCON Listener #1/INFO]: Rcon connection from: /0:0:0:0:0:0:0:1
[09:55:01] [RCON Listener #1/INFO]: Rcon connection from: /0:0:0:0:0:0:0:1
[10:00:01] [RCON Listener #1/INFO]: Rcon connection from: /0:0:0:0:0:0:0:1
[10:05:01] [RCON Listener #1/INFO]: Rcon connection from: /0:0:0:0:0:0:0:1
[10:10:01] [RCON Listener #1/INFO]: Rcon connection from: /0:0:0:0:0:0:0:1
[10:15:01] [RCON Listener #1/INFO]: Rcon connection from: /0:0:0:0:0:0:0:1
[10:20:01] [RCON Listener #1/INFO]: Rcon connection from: /0:0:0:0:0:0:0:1
[10:25:01] [RCON Listener #1/INFO]: Rcon connection from: /0:0:0:0:0:0:0:1
[10:30:01] [RCON Listener #1/INFO]: Rcon connection from: /0:0:0:0:0:0:0:1
[10:35:02] [RCON Listener #1/INFO]: Rcon connection from: /0:0:0:0:0:0:0:1
[10:40:01] [RCON Listener #1/INFO]: Rcon connection from: /0:0:0:0:0:0:0:1
[10:45:01] [RCON Listener #1/INFO]: Rcon connection from: /0:0:0:0:0:0:0:1
[10:50:01] [RCON Listener #1/INFO]: Rcon connection from: /0:0:0:0:0:0:0:1
[10:55:01] [RCON Listener #1/INFO]: Rcon connection from: /0:0:0:0:0:0:0:1
[11:00:01] [RCON Listener #1/INFO]: Rcon connection from: /0:0:0:0:0:0:0:1
[11:05:01] [RCON Listener #1/INFO]: Rcon connection from: /0:0:0:0:0:0:0:1
[11:10:01] [RCON Listener #1/INFO]: Rcon connection from: /0:0:0:0:0:0:0:1
[11:15:01] [RCON Listener #1/INFO]: Rcon connection from: /0:0:0:0:0:0:0:1
[11:20:01] [RCON Listener #1/INFO]: Rcon connection from: /0:0:0:0:0:0:0:1
[11:25:01] [RCON Listener #1/INFO]: Rcon connection from: /0:0:0:0:0:0:0:1
[11:30:01] [RCON Listener #1/INFO]: Rcon connection from: /0:0:0:0:0:0:0:1
[11:35:01] [RCON Listener #1/INFO]: Rcon connection from: /0:0:0:0:0:0:0:1
[11:40:01] [RCON Listener #1/INFO]: Rcon connection from: /0:0:0:0:0:0:0:1
[11:45:01] [RCON Listener #1/INFO]: Rcon connection from: /0:0:0:0:0:0:0:1
[11:50:01] [RCON Listener #1/INFO]: Rcon connection from: /0:0:0:0:0:0:0:1
[11:55:01] [RCON Listener #1/INFO]: Rcon connection from: /0:0:0:0:0:0:0:1
[12:00:01] [RCON Listener #1/INFO]: Rcon connection from: /0:0:0:0:0:0:0:1
[12:04:06] [User Authenticator #188/INFO]: UUID of player evsawyer is def678e7-5e95-4128-9252-29ad69b42014
[12:04:06] [Server thread/INFO]: evsawyer[/76.23.222.194:33426] logged in with entity id 18261342 at (5033.668919131888, 68.0, 4003.568765377682)
[12:04:06] [Server thread/INFO]: evsawyer joined the game
[12:04:11] [Server thread/INFO]: evsawyer lost connection: TextComponent{text='Disconnected', siblings=[], style=Style{hasParent=false, color=null, bold=null, italic=null, underlined=null, obfuscated=null, clickEvent=null, hoverEvent=null, insertion=null}}
[12:04:11] [Server thread/INFO]: evsawyer left the game
[12:05:01] [RCON Listener #1/INFO]: Rcon connection from: /0:0:0:0:0:0:0:1
[12:05:17] [User Authenticator #189/INFO]: UUID of player bensawyer is 52ce3fba-1aa1-4548-8841-15b7e942687d
[12:05:17] [Server thread/INFO]: bensawyer[/76.23.222.194:35058] logged in with entity id 18263311 at (5092.653309238851, 66.0, 3681.0533675774423)
[12:05:17] [Server thread/INFO]: bensawyer joined the game
[12:10:01] [RCON Listener #1/INFO]: Rcon connection from: /0:0:0:0:0:0:0:1
[12:15:01] [RCON Listener #1/INFO]: Rcon connection from: /0:0:0:0:0:0:0:1
[12:20:01] [RCON Listener #1/INFO]: Rcon connection from: /0:0:0:0:0:0:0:1
[12:24:26] [Server thread/INFO]: bensawyer lost connection: TextComponent{text='Disconnected', siblings=[], style=Style{hasParent=false, color=null, bold=null, italic=null, underlined=null, obfuscated=null, clickEvent=null, hoverEvent=null, insertion=null}}
[12:24:26] [Server thread/INFO]: bensawyer left the game
[12:25:01] [RCON Listener #1/INFO]: Rcon connection from: /0:0:0:0:0:0:0:1
[12:30:01] [RCON Listener #1/INFO]: Rcon connection from: /0:0:0:0:0:0:0:1
[12:35:01] [RCON Listener #1/INFO]: Rcon connection from: /0:0:0:0:0:0:0:1
[12:40:01] [RCON Listener #1/INFO]: Rcon connection from: /0:0:0:0:0:0:0:1
[12:45:01] [RCON Listener #1/INFO]: Rcon connection from: /0:0:0:0:0:0:0:1
[12:50:01] [RCON Listener #1/INFO]: Rcon connection from: /0:0:0:0:0:0:0:1
[12:55:01] [RCON Listener #1/INFO]: Rcon connection from: /0:0:0:0:0:0:0:1
[13:00:01] [RCON Listener #1/INFO]: Rcon connection from: /0:0:0:0:0:0:0:1
[13:05:01] [RCON Listener #1/INFO]: Rcon connection from: /0:0:0:0:0:0:0:1
[13:10:01] [RCON Listener #1/INFO]: Rcon connection from: /0:0:0:0:0:0:0:1
[13:15:01] [RCON Listener #1/INFO]: Rcon connection from: /0:0:0:0:0:0:0:1
[13:20:01] [RCON Listener #1/INFO]: Rcon connection from: /0:0:0:0:0:0:0:1
[13:25:01] [RCON Listener #1/INFO]: Rcon connection from: /0:0:0:0:0:0:0:1
[13:30:01] [RCON Listener #1/INFO]: Rcon connection from: /0:0:0:0:0:0:0:1
[13:35:01] [RCON Listener #1/INFO]: Rcon connection from: /0:0:0:0:0:0:0:1
[13:40:01] [RCON Listener #1/INFO]: Rcon connection from: /0:0:0:0:0:0:0:1
[13:45:01] [RCON Listener #1/INFO]: Rcon connection from: /0:0:0:0:0:0:0:1
[13:50:01] [RCON Listener #1/INFO]: Rcon connection from: /0:0:0:0:0:0:0:1
[13:55:01] [RCON Listener #1/INFO]: Rcon connection from: /0:0:0:0:0:0:0:1
[14:00:01] [RCON Listener #1/INFO]: Rcon connection from: /0:0:0:0:0:0:0:1
[14:05:01] [RCON Listener #1/INFO]: Rcon connection from: /0:0:0:0:0:0:0:1
[14:10:01] [RCON Listener #1/INFO]: Rcon connection from: /0:0:0:0:0:0:0:1
[14:13:46] [User Authenticator #190/INFO]: UUID of player tyrosinase is efb6fc35-604e-4dd8-93f9-ccdd1593ff69
[14:13:46] [Server thread/INFO]: tyrosinase[/73.215.157.183:40650] logged in with entity id 18449012 at (-184.29213942293524, 71.0, 215.0511951090108)
[14:13:46] [Server thread/INFO]: tyrosinase joined the game
[14:15:01] [RCON Listener #1/INFO]: Rcon connection from: /0:0:0:0:0:0:0:1
[14:20:01] [RCON Listener #1/INFO]: Rcon connection from: /0:0:0:0:0:0:0:1
[14:25:01] [RCON Listener #1/INFO]: Rcon connection from: /0:0:0:0:0:0:0:1
[14:30:01] [RCON Listener #1/INFO]: Rcon connection from: /0:0:0:0:0:0:0:1
[14:35:01] [RCON Listener #1/INFO]: Rcon connection from: /0:0:0:0:0:0:0:1
[14:40:01] [RCON Listener #1/INFO]: Rcon connection from: /0:0:0:0:0:0:0:1
[14:45:01] [RCON Listener #1/INFO]: Rcon connection from: /0:0:0:0:0:0:0:1
[14:50:01] [RCON Listener #1/INFO]: Rcon connection from: /0:0:0:0:0:0:0:1
[14:55:01] [RCON Listener #1/INFO]: Rcon connection from: /0:0:0:0:0:0:0:1
[15:00:01] [RCON Listener #1/INFO]: Rcon connection from: /0:0:0:0:0:0:0:1
[15:05:01] [RCON Listener #1/INFO]: Rcon connection from: /0:0:0:0:0:0:0:1
[15:10:01] [RCON Listener #1/INFO]: Rcon connection from: /0:0:0:0:0:0:0:1
[15:15:01] [RCON Listener #1/INFO]: Rcon connection from: /0:0:0:0:0:0:0:1
[15:20:01] [RCON Listener #1/INFO]: Rcon connection from: /0:0:0:0:0:0:0:1
[15:23:36] [Server thread/INFO]: There are 2/20 players online:
[15:23:36] [Server thread/INFO]: xcave, tyrosinase
[15:23:40] [Server thread/INFO]: [Server] shutting down
[15:25:01] [RCON Listener #1/INFO]: Rcon connection from: /0:0:0:0:0:0:0:1
[15:26:02] [Server thread/INFO]: Stopping the server
[15:26:02] [Server thread/INFO]: Stopping server
[15:26:02] [Server thread/INFO]: Saving players
[15:26:02] [Server thread/INFO]: Saving worlds
[15:26:02] [Server thread/INFO]: Saving chunks for level 'world'/Overworld
[15:26:02] [Server thread/INFO]: Saving chunks for level 'world'/Nether
[15:26:02] [Server thread/INFO]: Saving chunks for level 'world'/The End
[15:26:03] [Server Shutdown Thread/INFO]: Stopping server
[15:26:03] [Server Shutdown Thread/INFO]: Saving players
